# JRE version: Java(TM) SE Runtime Environment (21.0.5+9) (build 21.0.5+9-LTS-239)
# Java VM: Java HotSpot(TM) 64-Bit Server VM (21.0.5+9-LTS-239, mixed mode, sharing, tiered, compressed oops, compressed class ptrs, g1 gc, windows-amd64)
GC Precious Log:
 CardTable entry size: 512
 Card Set container configuration: InlinePtr #cards 5 size 8 Array Of Cards #cards 12 size 40 Howl #buckets 4 coarsen threshold 1843 Howl Bitmap #cards 512 size 80 coarsen threshold 460 Card regions per heap region 1 cards per card region 2048
 CPUs: 16 total, 16 available
 Memory: 16077M
 Large Page Support: Disabled
 NUMA Support: Disabled
 Compressed Oops: Enabled (32-bit)
 Heap Region Size: 1M
 Heap Min Capacity: 8M
 Heap Initial Capacity: 252M
 Heap Max Capacity: 2G
 Pre-touch: Disabled
 Parallel Workers: 13
 Concurrent Workers: 3
 Concurrent Refinement Workers: 13
 Periodic GC: Disabled
Heap:
 garbage-first heap   total 286720K, used 207073K [0x0000000080000000, 0x0000000100000000)
  region size 1024K, 38 young (38912K), 11 survivors (11264K)
 Metaspace       used 178013K, committed 180864K, reserved 1245184K
  class space    used 22489K, committed 23936K, reserved 1048576K
GC Heap History (20 events):
Event: 32.873 GC heap before
{Heap before GC invocations=39 (full 0):
 garbage-first heap   total 242688K, used 199251K [0x0000000080000000, 0x0000000100000000)
  region size 1024K, 68 young (69632K), 7 survivors (7168K)
 Metaspace       used 140901K, committed 143552K, reserved 1179648K
  class space    used 17893K, committed 19264K, reserved 1048576K
}
Event: 32.884 GC heap after
{Heap after GC invocations=40 (full 0):
 garbage-first heap   total 242688K, used 142601K [0x0000000080000000, 0x0000000100000000)
  region size 1024K, 9 young (9216K), 9 survivors (9216K)
 Metaspace       used 140901K, committed 143552K, reserved 1179648K
  class space    used 17893K, committed 19264K, reserved 1048576K
}
Event: 36.238 GC heap before
{Heap before GC invocations=40 (full 0):
 garbage-first heap   total 242688K, used 219401K [0x0000000080000000, 0x0000000100000000)
  region size 1024K, 84 young (86016K), 9 survivors (9216K)
 Metaspace       used 144771K, committed 147392K, reserved 1179648K
  class space    used 18070K, committed 19392K, reserved 1048576K
}
Event: 36.249 GC heap after
{Heap after GC invocations=41 (full 0):
 garbage-first heap   total 243712K, used 151202K [0x0000000080000000, 0x0000000100000000)
  region size 1024K, 11 young (11264K), 11 survivors (11264K)
 Metaspace       used 144771K, committed 147392K, reserved 1179648K
  class space    used 18070K, committed 19392K, reserved 1048576K
}
Event: 38.295 GC heap before
{Heap before GC invocations=41 (full 0):
 garbage-first heap   total 243712K, used 193186K [0x0000000080000000, 0x0000000100000000)
  region size 1024K, 53 young (54272K), 11 survivors (11264K)
 Metaspace       used 147880K, committed 150592K, reserved 1245184K
  class space    used 18485K, committed 19840K, reserved 1048576K
}
Event: 38.305 GC heap after
{Heap after GC invocations=42 (full 0):
 garbage-first heap   total 243712K, used 152834K [0x0000000080000000, 0x0000000100000000)
  region size 1024K, 3 young (3072K), 3 survivors (3072K)
 Metaspace       used 147880K, committed 150592K, reserved 1245184K
  class space    used 18485K, committed 19840K, reserved 1048576K
}
Event: 41.434 GC heap before
{Heap before GC invocations=43 (full 0):
 garbage-first heap   total 261120K, used 224514K [0x0000000080000000, 0x0000000100000000)
  region size 1024K, 72 young (73728K), 3 survivors (3072K)
 Metaspace       used 153384K, committed 156160K, reserved 1245184K
  class space    used 19383K, committed 20800K, reserved 1048576K
}
Event: 41.440 GC heap after
{Heap after GC invocations=44 (full 0):
 garbage-first heap   total 261120K, used 154672K [0x0000000080000000, 0x0000000100000000)
  region size 1024K, 5 young (5120K), 5 survivors (5120K)
 Metaspace       used 153384K, committed 156160K, reserved 1245184K
  class space    used 19383K, committed 20800K, reserved 1048576K
}
Event: 44.028 GC heap before
{Heap before GC invocations=44 (full 0):
 garbage-first heap   total 261120K, used 240688K [0x0000000080000000, 0x0000000100000000)
  region size 1024K, 89 young (91136K), 5 survivors (5120K)
 Metaspace       used 159691K, committed 162560K, reserved 1245184K
  class space    used 20320K, committed 21760K, reserved 1048576K
}
Event: 44.036 GC heap after
{Heap after GC invocations=45 (full 0):
 garbage-first heap   total 261120K, used 145581K [0x0000000080000000, 0x0000000100000000)
  region size 1024K, 9 young (9216K), 9 survivors (9216K)
 Metaspace       used 159691K, committed 162560K, reserved 1245184K
  class space    used 20320K, committed 21760K, reserved 1048576K
}
Event: 46.900 GC heap before
{Heap before GC invocations=45 (full 0):
 garbage-first heap   total 261120K, used 236717K [0x0000000080000000, 0x0000000100000000)
  region size 1024K, 98 young (100352K), 9 survivors (9216K)
 Metaspace       used 166454K, committed 169280K, reserved 1245184K
  class space    used 21132K, committed 22592K, reserved 1048576K
}
Event: 46.916 GC heap after
{Heap after GC invocations=46 (full 0):
 garbage-first heap   total 261120K, used 152285K [0x0000000080000000, 0x0000000100000000)
  region size 1024K, 12 young (12288K), 12 survivors (12288K)
 Metaspace       used 166454K, committed 169280K, reserved 1245184K
  class space    used 21132K, committed 22592K, reserved 1048576K
}
Event: 49.866 GC heap before
{Heap before GC invocations=47 (full 0):
 garbage-first heap   total 261120K, used 232157K [0x0000000080000000, 0x0000000100000000)
  region size 1024K, 91 young (93184K), 12 survivors (12288K)
 Metaspace       used 168821K, committed 171712K, reserved 1245184K
  class space    used 21468K, committed 22912K, reserved 1048576K
}
Event: 49.883 GC heap after
{Heap after GC invocations=48 (full 0):
 garbage-first heap   total 261120K, used 159989K [0x0000000080000000, 0x0000000100000000)
  region size 1024K, 8 young (8192K), 8 survivors (8192K)
 Metaspace       used 168821K, committed 171712K, reserved 1245184K
  class space    used 21468K, committed 22912K, reserved 1048576K
}
Event: 52.864 GC heap before
{Heap before GC invocations=48 (full 0):
 garbage-first heap   total 261120K, used 237813K [0x0000000080000000, 0x0000000100000000)
  region size 1024K, 84 young (86016K), 8 survivors (8192K)
 Metaspace       used 169233K, committed 172096K, reserved 1245184K
  class space    used 21527K, committed 22976K, reserved 1048576K
}
Event: 52.878 GC heap after
{Heap after GC invocations=49 (full 0):
 garbage-first heap   total 261120K, used 158871K [0x0000000080000000, 0x0000000100000000)
  region size 1024K, 5 young (5120K), 5 survivors (5120K)
 Metaspace       used 169233K, committed 172096K, reserved 1245184K
  class space    used 21527K, committed 22976K, reserved 1048576K
}
Event: 55.734 GC heap before
{Heap before GC invocations=49 (full 0):
 garbage-first heap   total 261120K, used 188567K [0x0000000080000000, 0x0000000100000000)
  region size 1024K, 36 young (36864K), 5 survivors (5120K)
 Metaspace       used 174717K, committed 177536K, reserved 1245184K
  class space    used 22197K, committed 23616K, reserved 1048576K
}
Event: 55.742 GC heap after
{Heap after GC invocations=50 (full 0):
 garbage-first heap   total 261120K, used 162759K [0x0000000080000000, 0x0000000100000000)
  region size 1024K, 9 young (9216K), 9 survivors (9216K)
 Metaspace       used 174717K, committed 177536K, reserved 1245184K
  class space    used 22197K, committed 23616K, reserved 1048576K
}
Event: 59.616 GC heap before
{Heap before GC invocations=51 (full 0):
 garbage-first heap   total 286720K, used 249799K [0x0000000080000000, 0x0000000100000000)
  region size 1024K, 81 young (82944K), 9 survivors (9216K)
 Metaspace       used 177872K, committed 180736K, reserved 1245184K
  class space    used 22484K, committed 23936K, reserved 1048576K
}
Event: 59.638 GC heap after
{Heap after GC invocations=52 (full 0):
 garbage-first heap   total 286720K, used 180449K [0x0000000080000000, 0x0000000100000000)
  region size 1024K, 11 young (11264K), 11 survivors (11264K)
 Metaspace       used 177872K, committed 180736K, reserved 1245184K
  class space    used 22484K, committed 23936K, reserved 1048576K
}

